Copyright 1986-2022 Xilinx, Inc. All Rights Reserved. Copyright 2022-2024 Advanced Micro Devices, Inc. All Rights Reserved.
---------------------------------------------------------------------------------------------------------------------------------------------
| Tool Version : Vivado v.2024.2 (win64) Build 5239630 Fri Nov 08 22:35:27 MST 2024
| Date         : Mon Feb 23 14:09:37 2026
| Host         : Adithyan running 64-bit major release  (build 9200)
| Command      : report_control_sets -verbose -file top_nexys4_control_sets_placed.rpt
| Design       : top_nexys4
| Device       : xc7a100t
---------------------------------------------------------------------------------------------------------------------------------------------

Control Set Information

Table of Contents
-----------------
1. Summary
2. Histogram
3. Flip-Flop Distribution
4. Detailed Control Set Information

1. Summary
----------

+----------------------------------------------------------+-------+
|                          Status                          | Count |
+----------------------------------------------------------+-------+
| Total control sets                                       |    14 |
|    Minimum number of control sets                        |    14 |
|    Addition due to synthesis replication                 |     0 |
|    Addition due to physical synthesis replication        |     0 |
| Unused register locations in slices containing registers |    62 |
+----------------------------------------------------------+-------+
* Control sets can be merged at opt_design using control_set_merge or merge_equivalent_drivers
** Run report_qor_suggestions for automated merging and remapping suggestions


2. Histogram
------------

+--------------------+-------+
|       Fanout       | Count |
+--------------------+-------+
| Total control sets |    14 |
| >= 0 to < 4        |     4 |
| >= 4 to < 6        |     3 |
| >= 6 to < 8        |     3 |
| >= 8 to < 10       |     1 |
| >= 10 to < 12      |     0 |
| >= 12 to < 14      |     0 |
| >= 14 to < 16      |     0 |
| >= 16              |     3 |
+--------------------+-------+
* Control sets can be remapped at either synth_design or opt_design


3. Flip-Flop Distribution
-------------------------

+--------------+-----------------------+------------------------+-----------------+--------------+
| Clock Enable | Synchronous Set/Reset | Asynchronous Set/Reset | Total Registers | Total Slices |
+--------------+-----------------------+------------------------+-----------------+--------------+
| No           | No                    | No                     |               1 |            1 |
| No           | No                    | Yes                    |              78 |           22 |
| No           | Yes                   | No                     |               0 |            0 |
| Yes          | No                    | No                     |              20 |            5 |
| Yes          | No                    | Yes                    |              79 |           26 |
| Yes          | Yes                   | No                     |               0 |            0 |
+--------------+-----------------------+------------------------+-----------------+--------------+


4. Detailed Control Set Information
-----------------------------------

+----------------------+--------------------------------------------------+--------------------------------+------------------+----------------+--------------+
|     Clock Signal     |                   Enable Signal                  |        Set/Reset Signal        | Slice Load Count | Bel Load Count | Bels / Slice |
+----------------------+--------------------------------------------------+--------------------------------+------------------+----------------+--------------+
|  CLK100MHZ_IBUF_BUFG |                                                  |                                |                1 |              1 |         1.00 |
|  CLK100MHZ_IBUF_BUFG | btn_stable                                       | u_display/por_done_reg_inv     |                1 |              1 |         1.00 |
|  CLK100MHZ_IBUF_BUFG | u_svm/family_id[0]_i_1_n_0                       | u_bram_loader/por_done_reg_inv |                1 |              1 |         1.00 |
|  CLK100MHZ_IBUF_BUFG | u_bram_loader/base_addr_0                        | u_display/por_done_reg_inv     |                1 |              3 |         3.00 |
|  CLK100MHZ_IBUF_BUFG | u_bram_loader/FSM_sequential_state[3]_i_1__0_n_0 | u_display/por_done_reg_inv     |                2 |              4 |         2.00 |
|  CLK100MHZ_IBUF_BUFG | u_svm/FSM_sequential_state[3]_i_1_n_0            | u_bram_loader/por_done_reg_inv |                1 |              4 |         4.00 |
|  CLK100MHZ_IBUF_BUFG |                                                  | u_bram_loader/por_done_reg_inv |                2 |              5 |         2.50 |
|  CLK100MHZ_IBUF_BUFG | u_bram_loader/counter[5]_i_1_n_0                 | u_display/por_done_reg_inv     |                2 |              6 |         3.00 |
|  CLK100MHZ_IBUF_BUFG | u_svm/FSM_sequential_dm_state_reg[0]_0[0]        | u_display/por_done_reg_inv     |                3 |              6 |         2.00 |
|  CLK100MHZ_IBUF_BUFG | u_svm/counter                                    | u_bram_loader/por_done_reg_inv |                2 |              6 |         3.00 |
|  CLK100MHZ_IBUF_BUFG | u_bram_loader/bram_addr[8]_i_1_n_0               | u_display/por_done_reg_inv     |                3 |              9 |         3.00 |
|  CLK100MHZ_IBUF_BUFG | p_3_in                                           |                                |                5 |             20 |         4.00 |
|  CLK100MHZ_IBUF_BUFG | u_svm/E[0]                                       | u_display/por_done_reg_inv     |               10 |             39 |         3.90 |
|  CLK100MHZ_IBUF_BUFG |                                                  | u_display/por_done_reg_inv     |               20 |             73 |         3.65 |
+----------------------+--------------------------------------------------+--------------------------------+------------------+----------------+--------------+


